<?xml version="1.0" encoding="UTF-8"?>
<testsuite name="OreSimStatisticsTest" tests="1" skipped="0" failures="0" errors="0" timestamp="2024-04-19T05:35:50" hostname="YandeMacBook-Pro.local" time="0.004">
  <properties/>
  <testcase name="testStatistics" classname="OreSimStatisticsTest" time="0.004"/>
  <system-out><![CDATA[ores = [ore.Element.Ore@60856961, ore.Element.Ore@2fd953a6]
]]></system-out>
  <system-err><![CDATA[]]></system-err>
</testsuite>
